<?xml version="1.0" encoding="UTF-8"?>
<coverage generated="1682282413705" clover="3.2.0">
  <project timestamp="1682282413705" name="All files">
    <metrics statements="94" coveredstatements="94" conditionals="28" coveredconditionals="28" methods="20" coveredmethods="20" elements="142" coveredelements="142" complexity="0" loc="94" ncloc="94" packages="1" files="4" classes="4"/>
    <file name="card.js" path="C:\Users\Unai\Documents\1DAM\LMS\Exercici 10 - Set i mig\js\card.js">
      <metrics statements="3" coveredstatements="3" conditionals="0" coveredconditionals="0" methods="1" coveredmethods="1"/>
      <line num="13" count="1007" type="stmt"/>
      <line num="14" count="1007" type="stmt"/>
      <line num="15" count="1007" type="stmt"/>
    </file>
    <file name="deck.js" path="C:\Users\Unai\Documents\1DAM\LMS\Exercici 10 - Set i mig\js\deck.js">
      <metrics statements="20" coveredstatements="20" conditionals="0" coveredconditionals="0" methods="6" coveredmethods="6"/>
      <line num="11" count="82" type="stmt"/>
      <line num="19" count="25" type="stmt"/>
      <line num="20" count="25" type="stmt"/>
      <line num="22" count="25" type="stmt"/>
      <line num="23" count="100" type="stmt"/>
      <line num="25" count="100" type="stmt"/>
      <line num="26" count="700" type="stmt"/>
      <line num="32" count="100" type="stmt"/>
      <line num="33" count="300" type="stmt"/>
      <line num="47" count="18" type="stmt"/>
      <line num="55" count="22" type="stmt"/>
      <line num="57" count="22" type="stmt"/>
      <line num="58" count="880" type="stmt"/>
      <line num="59" count="880" type="stmt"/>
      <line num="60" count="880" type="stmt"/>
      <line num="63" count="22" type="stmt"/>
      <line num="72" count="19" type="stmt"/>
      <line num="80" count="17" type="stmt"/>
      <line num="81" count="17" type="stmt"/>
      <line num="82" count="17" type="stmt"/>
    </file>
    <file name="game.js" path="C:\Users\Unai\Documents\1DAM\LMS\Exercici 10 - Set i mig\js\game.js">
      <metrics statements="65" coveredstatements="65" conditionals="28" coveredconditionals="28" methods="11" coveredmethods="11"/>
      <line num="13" count="23" type="stmt"/>
      <line num="14" count="23" type="stmt"/>
      <line num="15" count="23" type="stmt"/>
      <line num="16" count="23" type="stmt"/>
      <line num="17" count="23" type="stmt"/>
      <line num="18" count="23" type="stmt"/>
      <line num="19" count="23" type="stmt"/>
      <line num="20" count="23" type="stmt"/>
      <line num="28" count="1" type="stmt"/>
      <line num="37" count="5" type="cond" truecount="2" falsecount="0"/>
      <line num="38" count="3" type="stmt"/>
      <line num="39" count="3" type="stmt"/>
      <line num="40" count="3" type="stmt"/>
      <line num="42" count="2" type="stmt"/>
      <line num="52" count="5" type="stmt"/>
      <line num="53" count="5" type="stmt"/>
      <line num="54" count="5" type="stmt"/>
      <line num="55" count="5" type="stmt"/>
      <line num="56" count="5" type="stmt"/>
      <line num="57" count="5" type="stmt"/>
      <line num="59" count="5" type="cond" truecount="2" falsecount="0"/>
      <line num="60" count="3" type="stmt"/>
      <line num="61" count="3" type="stmt"/>
      <line num="72" count="4" type="cond" truecount="2" falsecount="0"/>
      <line num="73" count="3" type="cond" truecount="2" falsecount="0"/>
      <line num="74" count="2" type="stmt"/>
      <line num="75" count="2" type="stmt"/>
      <line num="76" count="2" type="cond" truecount="2" falsecount="0"/>
      <line num="77" count="1" type="stmt"/>
      <line num="78" count="1" type="stmt"/>
      <line num="91" count="3" type="cond" truecount="2" falsecount="0"/>
      <line num="92" count="2" type="stmt"/>
      <line num="94" count="2" type="cond" truecount="2" falsecount="0"/>
      <line num="96" count="1" type="stmt"/>
      <line num="97" count="1" type="stmt"/>
      <line num="100" count="2" type="stmt"/>
      <line num="101" count="2" type="stmt"/>
      <line num="111" count="2" type="stmt"/>
      <line num="112" count="2" type="stmt"/>
      <line num="113" count="2" type="stmt"/>
      <line num="114" count="2" type="stmt"/>
      <line num="115" count="2" type="stmt"/>
      <line num="116" count="2" type="stmt"/>
      <line num="117" count="2" type="stmt"/>
      <line num="118" count="2" type="stmt"/>
      <line num="119" count="2" type="stmt"/>
      <line num="128" count="15" type="cond" truecount="2" falsecount="0"/>
      <line num="129" count="7" type="stmt"/>
      <line num="130" count="7" type="stmt"/>
      <line num="131" count="7" type="stmt"/>
      <line num="133" count="8" type="stmt"/>
      <line num="134" count="8" type="stmt"/>
      <line num="135" count="8" type="stmt"/>
      <line num="138" count="15" type="stmt"/>
      <line num="146" count="11" type="cond" truecount="2" falsecount="0"/>
      <line num="147" count="5" type="cond" truecount="2" falsecount="0"/>
      <line num="148" count="2" type="stmt"/>
      <line num="150" count="6" type="cond" truecount="2" falsecount="0"/>
      <line num="151" count="5" type="cond" truecount="2" falsecount="0"/>
      <line num="152" count="3" type="stmt"/>
      <line num="161" count="4" type="cond" truecount="2" falsecount="0"/>
      <line num="162" count="1" type="stmt"/>
      <line num="163" count="3" type="stmt"/>
      <line num="173" count="19" type="cond" truecount="2" falsecount="0"/>
      <line num="174" count="15" type="stmt"/>
    </file>
    <file name="jugador.js" path="C:\Users\Unai\Documents\1DAM\LMS\Exercici 10 - Set i mig\js\jugador.js">
      <metrics statements="6" coveredstatements="6" conditionals="0" coveredconditionals="0" methods="2" coveredmethods="2"/>
      <line num="14" count="48" type="stmt"/>
      <line num="15" count="48" type="stmt"/>
      <line num="16" count="48" type="stmt"/>
      <line num="17" count="48" type="stmt"/>
      <line num="24" count="5" type="stmt"/>
      <line num="25" count="5" type="stmt"/>
    </file>
  </project>
</coverage>
