{"C:\\Users\\Unai\\Documents\\1DAM\\LMS\\Exercici 10 - Set i mig\\js\\card.js": {"path":"C:\\Users\\Unai\\Documents\\1DAM\\LMS\\Exercici 10 - Set i mig\\js\\card.js","statementMap":{"0":{"start":{"line":13,"column":4},"end":{"line":13,"column":21}},"1":{"start":{"line":14,"column":4},"end":{"line":14,"column":23}},"2":{"start":{"line":15,"column":4},"end":{"line":15,"column":19}}},"fnMap":{"0":{"name":"(anonymous_0)","decl":{"start":{"line":12,"column":2},"end":{"line":12,"column":3}},"loc":{"start":{"line":12,"column":32},"end":{"line":16,"column":3}},"line":12}},"branchMap":{},"s":{"0":1007,"1":1007,"2":1007},"f":{"0":1007},"b":{},"_coverageSchema":"1a1c01bbd47fc00a2c39e90264f33305004495a9","hash":"a761345e19dd9ee8cc7845531439aab3d41333e3"}
,"C:\\Users\\Unai\\Documents\\1DAM\\LMS\\Exercici 10 - Set i mig\\js\\deck.js": {"path":"C:\\Users\\Unai\\Documents\\1DAM\\LMS\\Exercici 10 - Set i mig\\js\\deck.js","statementMap":{"0":{"start":{"line":11,"column":4},"end":{"line":11,"column":20}},"1":{"start":{"line":19,"column":18},"end":{"line":19,"column":56}},"2":{"start":{"line":20,"column":4},"end":{"line":20,"column":20}},"3":{"start":{"line":22,"column":4},"end":{"line":39,"column":5}},"4":{"start":{"line":22,"column":17},"end":{"line":22,"column":18}},"5":{"start":{"line":23,"column":19},"end":{"line":23,"column":27}},"6":{"start":{"line":25,"column":6},"end":{"line":31,"column":7}},"7":{"start":{"line":25,"column":19},"end":{"line":25,"column":20}},"8":{"start":{"line":26,"column":8},"end":{"line":30,"column":11}},"9":{"start":{"line":32,"column":6},"end":{"line":38,"column":7}},"10":{"start":{"line":32,"column":19},"end":{"line":32,"column":21}},"11":{"start":{"line":33,"column":8},"end":{"line":37,"column":11}},"12":{"start":{"line":47,"column":4},"end":{"line":47,"column":21}},"13":{"start":{"line":55,"column":19},"end":{"line":55,"column":21}},"14":{"start":{"line":57,"column":4},"end":{"line":61,"column":5}},"15":{"start":{"line":58,"column":21},"end":{"line":58,"column":66}},"16":{"start":{"line":59,"column":6},"end":{"line":59,"column":38}},"17":{"start":{"line":60,"column":6},"end":{"line":60,"column":35}},"18":{"start":{"line":63,"column":4},"end":{"line":63,"column":24}},"19":{"start":{"line":72,"column":4},"end":{"line":72,"column":26}},"20":{"start":{"line":80,"column":17},"end":{"line":80,"column":50}},"21":{"start":{"line":81,"column":4},"end":{"line":81,"column":15}},"22":{"start":{"line":82,"column":4},"end":{"line":82,"column":16}}},"fnMap":{"0":{"name":"(anonymous_0)","decl":{"start":{"line":10,"column":2},"end":{"line":10,"column":3}},"loc":{"start":{"line":10,"column":16},"end":{"line":12,"column":3}},"line":10},"1":{"name":"(anonymous_1)","decl":{"start":{"line":18,"column":2},"end":{"line":18,"column":3}},"loc":{"start":{"line":18,"column":12},"end":{"line":40,"column":3}},"line":18},"2":{"name":"(anonymous_2)","decl":{"start":{"line":46,"column":2},"end":{"line":46,"column":3}},"loc":{"start":{"line":46,"column":8},"end":{"line":48,"column":3}},"line":46},"3":{"name":"(anonymous_3)","decl":{"start":{"line":54,"column":2},"end":{"line":54,"column":3}},"loc":{"start":{"line":54,"column":11},"end":{"line":64,"column":3}},"line":54},"4":{"name":"(anonymous_4)","decl":{"start":{"line":71,"column":2},"end":{"line":71,"column":3}},"loc":{"start":{"line":71,"column":13},"end":{"line":73,"column":3}},"line":71},"5":{"name":"(anonymous_5)","decl":{"start":{"line":79,"column":2},"end":{"line":79,"column":3}},"loc":{"start":{"line":79,"column":16},"end":{"line":83,"column":3}},"line":79}},"branchMap":{},"s":{"0":82,"1":25,"2":25,"3":25,"4":25,"5":100,"6":100,"7":100,"8":700,"9":100,"10":100,"11":300,"12":18,"13":22,"14":22,"15":880,"16":880,"17":880,"18":22,"19":19,"20":17,"21":17,"22":17},"f":{"0":82,"1":25,"2":18,"3":22,"4":19,"5":17},"b":{},"_coverageSchema":"1a1c01bbd47fc00a2c39e90264f33305004495a9","hash":"f0b913f222414a27c9da32be70d843ce5ccba93d"}
,"C:\\Users\\Unai\\Documents\\1DAM\\LMS\\Exercici 10 - Set i mig\\js\\game.js": {"path":"C:\\Users\\Unai\\Documents\\1DAM\\LMS\\Exercici 10 - Set i mig\\js\\game.js","statementMap":{"0":{"start":{"line":13,"column":4},"end":{"line":13,"column":25}},"1":{"start":{"line":14,"column":4},"end":{"line":14,"column":29}},"2":{"start":{"line":15,"column":4},"end":{"line":15,"column":21}},"3":{"start":{"line":16,"column":4},"end":{"line":16,"column":25}},"4":{"start":{"line":17,"column":4},"end":{"line":17,"column":23}},"5":{"start":{"line":18,"column":4},"end":{"line":18,"column":29}},"6":{"start":{"line":19,"column":4},"end":{"line":19,"column":28}},"7":{"start":{"line":20,"column":4},"end":{"line":20,"column":27}},"8":{"start":{"line":28,"column":4},"end":{"line":28,"column":57}},"9":{"start":{"line":37,"column":4},"end":{"line":43,"column":5}},"10":{"start":{"line":38,"column":6},"end":{"line":38,"column":28}},"11":{"start":{"line":39,"column":6},"end":{"line":39,"column":21}},"12":{"start":{"line":40,"column":6},"end":{"line":40,"column":46}},"13":{"start":{"line":42,"column":6},"end":{"line":42,"column":23}},"14":{"start":{"line":52,"column":15},"end":{"line":52,"column":27}},"15":{"start":{"line":53,"column":4},"end":{"line":53,"column":40}},"16":{"start":{"line":54,"column":4},"end":{"line":54,"column":24}},"17":{"start":{"line":55,"column":4},"end":{"line":55,"column":24}},"18":{"start":{"line":56,"column":4},"end":{"line":56,"column":41}},"19":{"start":{"line":57,"column":4},"end":{"line":57,"column":25}},"20":{"start":{"line":59,"column":4},"end":{"line":62,"column":5}},"21":{"start":{"line":60,"column":6},"end":{"line":60,"column":74}},"22":{"start":{"line":61,"column":6},"end":{"line":61,"column":30}},"23":{"start":{"line":72,"column":4},"end":{"line":81,"column":5}},"24":{"start":{"line":73,"column":6},"end":{"line":80,"column":7}},"25":{"start":{"line":74,"column":21},"end":{"line":74,"column":33}},"26":{"start":{"line":75,"column":8},"end":{"line":75,"column":44}},"27":{"start":{"line":76,"column":8},"end":{"line":79,"column":9}},"28":{"start":{"line":77,"column":10},"end":{"line":77,"column":73}},"29":{"start":{"line":78,"column":10},"end":{"line":78,"column":33}},"30":{"start":{"line":91,"column":4},"end":{"line":102,"column":5}},"31":{"start":{"line":92,"column":6},"end":{"line":92,"column":26}},"32":{"start":{"line":94,"column":6},"end":{"line":98,"column":7}},"33":{"start":{"line":96,"column":21},"end":{"line":96,"column":33}},"34":{"start":{"line":97,"column":8},"end":{"line":97,"column":45}},"35":{"start":{"line":100,"column":6},"end":{"line":100,"column":28}},"36":{"start":{"line":101,"column":6},"end":{"line":101,"column":29}},"37":{"start":{"line":111,"column":4},"end":{"line":111,"column":24}},"38":{"start":{"line":112,"column":4},"end":{"line":112,"column":23}},"39":{"start":{"line":113,"column":4},"end":{"line":113,"column":28}},"40":{"start":{"line":114,"column":4},"end":{"line":114,"column":30}},"41":{"start":{"line":115,"column":4},"end":{"line":115,"column":25}},"42":{"start":{"line":116,"column":4},"end":{"line":116,"column":25}},"43":{"start":{"line":117,"column":4},"end":{"line":117,"column":28}},"44":{"start":{"line":118,"column":4},"end":{"line":118,"column":19}},"45":{"start":{"line":119,"column":4},"end":{"line":119,"column":30}},"46":{"start":{"line":128,"column":4},"end":{"line":136,"column":5}},"47":{"start":{"line":129,"column":6},"end":{"line":129,"column":37}},"48":{"start":{"line":130,"column":6},"end":{"line":130,"column":36}},"49":{"start":{"line":131,"column":6},"end":{"line":131,"column":59}},"50":{"start":{"line":133,"column":6},"end":{"line":133,"column":37}},"51":{"start":{"line":134,"column":6},"end":{"line":134,"column":34}},"52":{"start":{"line":135,"column":6},"end":{"line":135,"column":57}},"53":{"start":{"line":138,"column":4},"end":{"line":138,"column":16}},"54":{"start":{"line":146,"column":4},"end":{"line":153,"column":5}},"55":{"start":{"line":147,"column":6},"end":{"line":148,"column":24}},"56":{"start":{"line":147,"column":36},"end":{"line":147,"column":48}},"57":{"start":{"line":148,"column":11},"end":{"line":148,"column":24}},"58":{"start":{"line":150,"column":6},"end":{"line":152,"column":23}},"59":{"start":{"line":150,"column":38},"end":{"line":150,"column":51}},"60":{"start":{"line":151,"column":11},"end":{"line":152,"column":23}},"61":{"start":{"line":151,"column":58},"end":{"line":151,"column":71}},"62":{"start":{"line":152,"column":11},"end":{"line":152,"column":23}},"63":{"start":{"line":161,"column":4},"end":{"line":163,"column":74}},"64":{"start":{"line":162,"column":6},"end":{"line":162,"column":71}},"65":{"start":{"line":163,"column":11},"end":{"line":163,"column":74}},"66":{"start":{"line":173,"column":4},"end":{"line":174,"column":27}},"67":{"start":{"line":173,"column":24},"end":{"line":173,"column":35}},"68":{"start":{"line":174,"column":9},"end":{"line":174,"column":27}}},"fnMap":{"0":{"name":"(anonymous_0)","decl":{"start":{"line":12,"column":2},"end":{"line":12,"column":3}},"loc":{"start":{"line":12,"column":45},"end":{"line":21,"column":3}},"line":12},"1":{"name":"(anonymous_1)","decl":{"start":{"line":27,"column":2},"end":{"line":27,"column":3}},"loc":{"start":{"line":27,"column":16},"end":{"line":29,"column":3}},"line":27},"2":{"name":"(anonymous_2)","decl":{"start":{"line":36,"column":2},"end":{"line":36,"column":3}},"loc":{"start":{"line":36,"column":20},"end":{"line":44,"column":3}},"line":36},"3":{"name":"(anonymous_3)","decl":{"start":{"line":51,"column":2},"end":{"line":51,"column":3}},"loc":{"start":{"line":51,"column":12},"end":{"line":63,"column":3}},"line":51},"4":{"name":"(anonymous_4)","decl":{"start":{"line":71,"column":2},"end":{"line":71,"column":3}},"loc":{"start":{"line":71,"column":21},"end":{"line":82,"column":3}},"line":71},"5":{"name":"(anonymous_5)","decl":{"start":{"line":90,"column":2},"end":{"line":90,"column":3}},"loc":{"start":{"line":90,"column":20},"end":{"line":103,"column":3}},"line":90},"6":{"name":"(anonymous_6)","decl":{"start":{"line":110,"column":2},"end":{"line":110,"column":3}},"loc":{"start":{"line":110,"column":14},"end":{"line":120,"column":3}},"line":110},"7":{"name":"(anonymous_7)","decl":{"start":{"line":126,"column":2},"end":{"line":126,"column":3}},"loc":{"start":{"line":126,"column":10},"end":{"line":139,"column":3}},"line":126},"8":{"name":"(anonymous_8)","decl":{"start":{"line":145,"column":2},"end":{"line":145,"column":3}},"loc":{"start":{"line":145,"column":20},"end":{"line":154,"column":3}},"line":145},"9":{"name":"(anonymous_9)","decl":{"start":{"line":160,"column":2},"end":{"line":160,"column":3}},"loc":{"start":{"line":160,"column":19},"end":{"line":164,"column":3}},"line":160},"10":{"name":"(anonymous_10)","decl":{"start":{"line":172,"column":2},"end":{"line":172,"column":3}},"loc":{"start":{"line":172,"column":26},"end":{"line":175,"column":3}},"line":172}},"branchMap":{"0":{"loc":{"start":{"line":37,"column":4},"end":{"line":43,"column":5}},"type":"if","locations":[{"start":{"line":37,"column":4},"end":{"line":43,"column":5}},{"start":{"line":41,"column":11},"end":{"line":43,"column":5}}],"line":37},"1":{"loc":{"start":{"line":59,"column":4},"end":{"line":62,"column":5}},"type":"if","locations":[{"start":{"line":59,"column":4},"end":{"line":62,"column":5}},{"start":{},"end":{}}],"line":59},"2":{"loc":{"start":{"line":72,"column":4},"end":{"line":81,"column":5}},"type":"if","locations":[{"start":{"line":72,"column":4},"end":{"line":81,"column":5}},{"start":{},"end":{}}],"line":72},"3":{"loc":{"start":{"line":73,"column":6},"end":{"line":80,"column":7}},"type":"if","locations":[{"start":{"line":73,"column":6},"end":{"line":80,"column":7}},{"start":{},"end":{}}],"line":73},"4":{"loc":{"start":{"line":76,"column":8},"end":{"line":79,"column":9}},"type":"if","locations":[{"start":{"line":76,"column":8},"end":{"line":79,"column":9}},{"start":{},"end":{}}],"line":76},"5":{"loc":{"start":{"line":91,"column":4},"end":{"line":102,"column":5}},"type":"if","locations":[{"start":{"line":91,"column":4},"end":{"line":102,"column":5}},{"start":{},"end":{}}],"line":91},"6":{"loc":{"start":{"line":94,"column":13},"end":{"line":95,"column":32}},"type":"binary-expr","locations":[{"start":{"line":94,"column":13},"end":{"line":94,"column":54}},{"start":{"line":95,"column":6},"end":{"line":95,"column":32}}],"line":94},"7":{"loc":{"start":{"line":128,"column":4},"end":{"line":136,"column":5}},"type":"if","locations":[{"start":{"line":128,"column":4},"end":{"line":136,"column":5}},{"start":{"line":132,"column":11},"end":{"line":136,"column":5}}],"line":128},"8":{"loc":{"start":{"line":146,"column":4},"end":{"line":153,"column":5}},"type":"if","locations":[{"start":{"line":146,"column":4},"end":{"line":153,"column":5}},{"start":{"line":149,"column":11},"end":{"line":153,"column":5}}],"line":146},"9":{"loc":{"start":{"line":147,"column":6},"end":{"line":148,"column":24}},"type":"if","locations":[{"start":{"line":147,"column":6},"end":{"line":148,"column":24}},{"start":{"line":148,"column":11},"end":{"line":148,"column":24}}],"line":147},"10":{"loc":{"start":{"line":150,"column":6},"end":{"line":152,"column":23}},"type":"if","locations":[{"start":{"line":150,"column":6},"end":{"line":152,"column":23}},{"start":{"line":151,"column":11},"end":{"line":152,"column":23}}],"line":150},"11":{"loc":{"start":{"line":151,"column":11},"end":{"line":152,"column":23}},"type":"if","locations":[{"start":{"line":151,"column":11},"end":{"line":152,"column":23}},{"start":{"line":152,"column":11},"end":{"line":152,"column":23}}],"line":151},"12":{"loc":{"start":{"line":161,"column":4},"end":{"line":163,"column":74}},"type":"if","locations":[{"start":{"line":161,"column":4},"end":{"line":163,"column":74}},{"start":{"line":163,"column":11},"end":{"line":163,"column":74}}],"line":161},"13":{"loc":{"start":{"line":173,"column":4},"end":{"line":174,"column":27}},"type":"if","locations":[{"start":{"line":173,"column":4},"end":{"line":174,"column":27}},{"start":{"line":174,"column":9},"end":{"line":174,"column":27}}],"line":173}},"s":{"0":23,"1":23,"2":23,"3":23,"4":23,"5":23,"6":23,"7":23,"8":1,"9":5,"10":3,"11":3,"12":3,"13":2,"14":5,"15":5,"16":5,"17":5,"18":5,"19":5,"20":5,"21":3,"22":3,"23":4,"24":3,"25":2,"26":2,"27":2,"28":1,"29":1,"30":3,"31":2,"32":2,"33":1,"34":1,"35":2,"36":2,"37":2,"38":2,"39":2,"40":2,"41":2,"42":2,"43":2,"44":2,"45":2,"46":15,"47":7,"48":7,"49":7,"50":8,"51":8,"52":8,"53":15,"54":11,"55":5,"56":3,"57":2,"58":6,"59":1,"60":5,"61":2,"62":3,"63":4,"64":1,"65":3,"66":19,"67":4,"68":15},"f":{"0":23,"1":1,"2":5,"3":5,"4":4,"5":3,"6":2,"7":15,"8":11,"9":4,"10":19},"b":{"0":[3,2],"1":[3,2],"2":[3,1],"3":[2,1],"4":[1,1],"5":[2,1],"6":[3,1],"7":[7,8],"8":[5,6],"9":[3,2],"10":[1,5],"11":[2,3],"12":[1,3],"13":[4,15]},"_coverageSchema":"1a1c01bbd47fc00a2c39e90264f33305004495a9","hash":"74932548ef503de285129a11548dd1bc98395fd8"}
,"C:\\Users\\Unai\\Documents\\1DAM\\LMS\\Exercici 10 - Set i mig\\js\\jugador.js": {"path":"C:\\Users\\Unai\\Documents\\1DAM\\LMS\\Exercici 10 - Set i mig\\js\\jugador.js","statementMap":{"0":{"start":{"line":14,"column":4},"end":{"line":14,"column":27}},"1":{"start":{"line":15,"column":4},"end":{"line":15,"column":21}},"2":{"start":{"line":16,"column":4},"end":{"line":16,"column":23}},"3":{"start":{"line":17,"column":4},"end":{"line":17,"column":20}},"4":{"start":{"line":24,"column":4},"end":{"line":24,"column":20}},"5":{"start":{"line":25,"column":4},"end":{"line":25,"column":27}}},"fnMap":{"0":{"name":"(anonymous_0)","decl":{"start":{"line":13,"column":2},"end":{"line":13,"column":3}},"loc":{"start":{"line":13,"column":27},"end":{"line":18,"column":3}},"line":13},"1":{"name":"(anonymous_1)","decl":{"start":{"line":23,"column":2},"end":{"line":23,"column":3}},"loc":{"start":{"line":23,"column":14},"end":{"line":26,"column":3}},"line":23}},"branchMap":{},"s":{"0":48,"1":48,"2":48,"3":48,"4":5,"5":5},"f":{"0":48,"1":5},"b":{},"_coverageSchema":"1a1c01bbd47fc00a2c39e90264f33305004495a9","hash":"f6b1ff3a9ad09ec0551914deef11e2096649c144"}
}
