TN:
SF:js\card.js
FN:12,(anonymous_0)
FNF:1
FNH:1
FNDA:1007,(anonymous_0)
DA:13,1007
DA:14,1007
DA:15,1007
LF:3
LH:3
BRF:0
BRH:0
end_of_record
TN:
SF:js\deck.js
FN:10,(anonymous_0)
FN:18,(anonymous_1)
FN:46,(anonymous_2)
FN:54,(anonymous_3)
FN:71,(anonymous_4)
FN:79,(anonymous_5)
FNF:6
FNH:6
FNDA:82,(anonymous_0)
FNDA:25,(anonymous_1)
FNDA:18,(anonymous_2)
FNDA:22,(anonymous_3)
FNDA:19,(anonymous_4)
FNDA:17,(anonymous_5)
DA:11,82
DA:19,25
DA:20,25
DA:22,25
DA:23,100
DA:25,100
DA:26,700
DA:32,100
DA:33,300
DA:47,18
DA:55,22
DA:57,22
DA:58,880
DA:59,880
DA:60,880
DA:63,22
DA:72,19
DA:80,17
DA:81,17
DA:82,17
LF:20
LH:20
BRF:0
BRH:0
end_of_record
TN:
SF:js\game.js
FN:12,(anonymous_0)
FN:27,(anonymous_1)
FN:36,(anonymous_2)
FN:51,(anonymous_3)
FN:71,(anonymous_4)
FN:90,(anonymous_5)
FN:110,(anonymous_6)
FN:126,(anonymous_7)
FN:145,(anonymous_8)
FN:160,(anonymous_9)
FN:172,(anonymous_10)
FNF:11
FNH:11
FNDA:23,(anonymous_0)
FNDA:1,(anonymous_1)
FNDA:5,(anonymous_2)
FNDA:5,(anonymous_3)
FNDA:4,(anonymous_4)
FNDA:3,(anonymous_5)
FNDA:2,(anonymous_6)
FNDA:15,(anonymous_7)
FNDA:11,(anonymous_8)
FNDA:4,(anonymous_9)
FNDA:19,(anonymous_10)
DA:13,23
DA:14,23
DA:15,23
DA:16,23
DA:17,23
DA:18,23
DA:19,23
DA:20,23
DA:28,1
DA:37,5
DA:38,3
DA:39,3
DA:40,3
DA:42,2
DA:52,5
DA:53,5
DA:54,5
DA:55,5
DA:56,5
DA:57,5
DA:59,5
DA:60,3
DA:61,3
DA:72,4
DA:73,3
DA:74,2
DA:75,2
DA:76,2
DA:77,1
DA:78,1
DA:91,3
DA:92,2
DA:94,2
DA:96,1
DA:97,1
DA:100,2
DA:101,2
DA:111,2
DA:112,2
DA:113,2
DA:114,2
DA:115,2
DA:116,2
DA:117,2
DA:118,2
DA:119,2
DA:128,15
DA:129,7
DA:130,7
DA:131,7
DA:133,8
DA:134,8
DA:135,8
DA:138,15
DA:146,11
DA:147,5
DA:148,2
DA:150,6
DA:151,5
DA:152,3
DA:161,4
DA:162,1
DA:163,3
DA:173,19
DA:174,15
LF:65
LH:65
BRDA:37,0,0,3
BRDA:37,0,1,2
BRDA:59,1,0,3
BRDA:59,1,1,2
BRDA:72,2,0,3
BRDA:72,2,1,1
BRDA:73,3,0,2
BRDA:73,3,1,1
BRDA:76,4,0,1
BRDA:76,4,1,1
BRDA:91,5,0,2
BRDA:91,5,1,1
BRDA:94,6,0,3
BRDA:94,6,1,1
BRDA:128,7,0,7
BRDA:128,7,1,8
BRDA:146,8,0,5
BRDA:146,8,1,6
BRDA:147,9,0,3
BRDA:147,9,1,2
BRDA:150,10,0,1
BRDA:150,10,1,5
BRDA:151,11,0,2
BRDA:151,11,1,3
BRDA:161,12,0,1
BRDA:161,12,1,3
BRDA:173,13,0,4
BRDA:173,13,1,15
BRF:28
BRH:28
end_of_record
TN:
SF:js\jugador.js
FN:13,(anonymous_0)
FN:23,(anonymous_1)
FNF:2
FNH:2
FNDA:48,(anonymous_0)
FNDA:5,(anonymous_1)
DA:14,48
DA:15,48
DA:16,48
DA:17,48
DA:24,5
DA:25,5
LF:6
LH:6
BRF:0
BRH:0
end_of_record
